<?xml version="1.0" encoding="UTF-8"?>
<!-- Generated by org.testng.reporters.JUnitReportReporter -->
<testsuite hostname="Harika" failures="0" tests="1" name="com.utilities.Reporting" time="0.216" errors="0" timestamp="2023-02-13T14:53:02 CST" skipped="0">
  <testcase classname="com.utilities.Reporting" name="onteststart" time="0.216"/>
  <system-out/>
</testsuite> <!-- com.utilities.Reporting -->
