<?xml version="1.0" encoding="UTF-8"?>
<!-- Generated by org.testng.reporters.JUnitReportReporter -->
<testsuite hostname="Harika" failures="0" tests="1" name="com.testcases.Base" time="7.973" errors="0" timestamp="2023-02-10T16:59:14 CST" skipped="0">
  <testcase classname="com.testcases.Base" name="set_browser" time="7.973"/>
  <system-out/>
</testsuite> <!-- com.testcases.Base -->
